Running Size 1000 on 32
Running Size 1000 on 32
Running Size 1000 on 32
Running Size 1000 on 32
Running Size 1000 on 32
Running Size 1000 on 32
Running Size 1000 on 32
Running Size 1000 on 32
Running Size 1000 on 32
Running Size 1000 on 32
Running Size 1000 on 32
Running Size 1000 on 32
Running Size 1000 on 32
Running Size 1000 on 32
Running Size 1000 on 32
Running Size 1000 on 32
Running Size 1000 on 32
Running Size 1000 on 32
Running Size 1000 on 32
Running Size 1000 on 32
Running Size 1000 on 32
Running Size 1000 on 32
Running Size 1000 on 32
Running Size 1000 on 32
Running Size 1000 on 32
Running Size 1000 on 32
Running Size 1000 on 32
Running Size 1000 on 32
Running Size 1000 on 32
Running Size 1000 on 32
Running Size 1000 on 32
Running Size 1000 on 32
33
65
97
129
161
193
225
257
289
321
353
385
417
449
481
513
545
577
609
641
673
705
737
769
801
833
865
897
929
961
993
That took 1.254432
That took 1.256366
That took 1.256303
That took 1.256266
That took 1.257653
That took 1.257319
That took 1.257345
That took 1.257376
That took 1.257398
That took 1.257427
That took 1.258257
That took 1.259355
That took 1.261900
That took 1.261877
That took 1.261803
That took 1.261773
That took 1.261769
That took 1.261897
That took 1.263015
That took 1.262305
That took 1.263565
That took 1.263705
That took 1.263687
That took 1.263013
That took 1.265699
That took 1.265657
That took 1.269274
That took 1.271501
That took 2.272640
That took 2.274278
That took 2.274256
That took 2.275266

########################################################################
----------------------! Balena Job Details !----------------------------

JobID          : 466963
No. of nodes   : 2
No. of CPUs    : 32
Timelimit      : 00:10:00
Elapsed time   : 00:00:06
Nodelist       : node-sw-[161-162]

########################################################################

