Running Size 2000 on 32
Running Size 2000 on 32
Running Size 2000 on 32
Running Size 2000 on 32
Running Size 2000 on 32
Running Size 2000 on 32
Running Size 2000 on 32
Running Size 2000 on 32
Running Size 2000 on 32
Running Size 2000 on 32
Running Size 2000 on 32
Running Size 2000 on 32
Running Size 2000 on 32
Running Size 2000 on 32
Running Size 2000 on 32
Running Size 2000 on 32
Running Size 2000 on 32
Running Size 2000 on 32
Running Size 2000 on 32
Running Size 2000 on 32
Running Size 2000 on 32
Running Size 2000 on 32
Running Size 2000 on 32
Running Size 2000 on 32
Running Size 2000 on 32
Running Size 2000 on 32
Running Size 2000 on 32
Running Size 2000 on 32
Running Size 2000 on 32
Running Size 2000 on 32
Running Size 2000 on 32
Running Size 2000 on 32
64
127
190
253
316
379
442
505
568
631
694
757
820
883
946
1009
1072
1135
1198
1261
1324
1387
1450
1513
1576
1639
1702
1765
1828
1891
1954
That took 1.838819
That took 1.838864
That took 1.838891
That took 1.838832
That took 1.838926
That took 1.838759
That took 1.839673
That took 1.839685
That took 1.839654
That took 1.839648
That took 1.839730
That took 1.840749
That took 1.840838
That took 1.841138
That took 1.840353
That took 1.840377
That took 1.841338
That took 1.841282
That took 1.841308
That took 1.841379
That took 1.841414
That took 1.843376
That took 1.843363
That took 1.853248
That took 1.854697
That took 1.857643
That took 1.857247
That took 2.859538
That took 2.858153
That took 2.858237
That took 2.858191
That took 2.863095

########################################################################
----------------------! Balena Job Details !----------------------------

JobID          : 467010
No. of nodes   : 2
No. of CPUs    : 32
Timelimit      : 00:10:00
Elapsed time   : 00:00:06
Nodelist       : node-sw-[161-162]

########################################################################

