Running Size 1000 on 48
Running Size 1000 on 48
Running Size 1000 on 48
Running Size 1000 on 48
Running Size 1000 on 48
Running Size 1000 on 48
Running Size 1000 on 48
Running Size 1000 on 48
Running Size 1000 on 48
Running Size 1000 on 48
Running Size 1000 on 48
Running Size 1000 on 48
Running Size 1000 on 48
Running Size 1000 on 48
Running Size 1000 on 48
Running Size 1000 on 48
Running Size 1000 on 48
Running Size 1000 on 48
Running Size 1000 on 48
Running Size 1000 on 48
Running Size 1000 on 48
Running Size 1000 on 48
Running Size 1000 on 48
Running Size 1000 on 48
Running Size 1000 on 48
Running Size 1000 on 48
Running Size 1000 on 48
Running Size 1000 on 48
Running Size 1000 on 48
Running Size 1000 on 48
Running Size 1000 on 48
Running Size 1000 on 48
Running Size 1000 on 48
Running Size 1000 on 48
Running Size 1000 on 48
Running Size 1000 on 48
Running Size 1000 on 48
Running Size 1000 on 48
Running Size 1000 on 48
Running Size 1000 on 48
Running Size 1000 on 48
Running Size 1000 on 48
Running Size 1000 on 48
Running Size 1000 on 48
Running Size 1000 on 48
Running Size 1000 on 48
Running Size 1000 on 48
Running Size 1000 on 48
22
43
64
85
106
127
148
169
190
211
232
253
274
295
316
337
358
379
400
421
442
463
484
505
526
547
568
589
610
631
652
673
694
715
736
757
778
799
820
841
862
883
904
925
946
967
988
That took 1.229298
That took 1.229262
That took 1.229321
That took 1.229241
That took 1.233123
That took 1.233152
That took 1.233173
That took 1.233060
That took 1.232568
That took 1.232621
That took 1.232619
That took 1.232626
That took 1.232559
That took 1.232624
That took 1.232517
That took 1.232584
That took 1.232487
That took 1.235032
That took 1.235043
That took 1.233550
That took 1.235107
That took 1.233561
That took 1.233537
That took 1.233528
That took 1.233539
That took 1.233519
That took 1.233566
That took 1.233601
That took 1.236271
That took 1.236130
That took 1.236965
That took 1.239115
That took 1.240328
That took 1.241056
That took 1.241065
That took 1.241046
That took 1.240821
That took 1.241018
That took 1.241753
That took 1.240780
That took 1.240741
That took 1.242411
That took 2.239071
That took 2.238040
That took 2.238334
That took 2.238876
That took 2.238878
That took 2.242127

########################################################################
----------------------! Balena Job Details !----------------------------

JobID          : 475457
No. of nodes   : 4
No. of CPUs    : 64
Timelimit      : 00:10:00
Elapsed time   : 00:00:03
Nodelist       : node-sw-[161-164]

########################################################################

