Running Size 2000 on 48
Running Size 2000 on 48
Running Size 2000 on 48
Running Size 2000 on 48
Running Size 2000 on 48
Running Size 2000 on 48
Running Size 2000 on 48
Running Size 2000 on 48
Running Size 2000 on 48
Running Size 2000 on 48
Running Size 2000 on 48
Running Size 2000 on 48
Running Size 2000 on 48
Running Size 2000 on 48
Running Size 2000 on 48
Running Size 2000 on 48
Running Size 2000 on 48
Running Size 2000 on 48
Running Size 2000 on 48
Running Size 2000 on 48
Running Size 2000 on 48
Running Size 2000 on 48
Running Size 2000 on 48
Running Size 2000 on 48
Running Size 2000 on 48
Running Size 2000 on 48
Running Size 2000 on 48
Running Size 2000 on 48
Running Size 2000 on 48
Running Size 2000 on 48
Running Size 2000 on 48
Running Size 2000 on 48
Running Size 2000 on 48
Running Size 2000 on 48
Running Size 2000 on 48
Running Size 2000 on 48
Running Size 2000 on 48
Running Size 2000 on 48
Running Size 2000 on 48
Running Size 2000 on 48
Running Size 2000 on 48
Running Size 2000 on 48
Running Size 2000 on 48
Running Size 2000 on 48
Running Size 2000 on 48
Running Size 2000 on 48
Running Size 2000 on 48
Running Size 2000 on 48
43
85
127
169
211
253
295
337
379
421
463
505
547
589
631
673
715
757
799
841
883
925
967
1009
1051
1093
1135
1177
1219
1261
1303
1345
1387
1429
1471
1513
1555
1597
1639
1681
1723
1765
1807
1849
1891
1933
1975
That took 1.518718
That took 1.518721
That took 1.519010
That took 1.519017
That took 1.519455
That took 1.519009
That took 1.519077
That took 1.519052
That took 1.519011
That took 1.519046
That took 1.519898
That took 1.519863
That took 1.520536
That took 1.519858
That took 1.519841
That took 1.521887
That took 1.521970
That took 1.522053
That took 1.522014
That took 1.522028
That took 1.519859
That took 1.522094
That took 1.519857
That took 1.522940
That took 1.522888
That took 1.522884
That took 1.523351
That took 1.523337
That took 1.523389
That took 1.523377
That took 1.526986
That took 1.527027
That took 1.527402
That took 1.527373
That took 1.528218
That took 1.528599
That took 1.530858
That took 1.530862
That took 2.521803
That took 2.520571
That took 2.521395
That took 2.521323
That took 2.521357
That took 2.521376
That took 2.525870
That took 2.524586
That took 2.524611
That took 2.525583

########################################################################
----------------------! Balena Job Details !----------------------------

JobID          : 475471
No. of nodes   : 4
No. of CPUs    : 64
Timelimit      : 00:10:00
Elapsed time   : 00:00:04
Nodelist       : node-sw-[161-164]

########################################################################

