Running Size 3000 on 48
Running Size 3000 on 48
Running Size 3000 on 48
Running Size 3000 on 48
Running Size 3000 on 48
Running Size 3000 on 48
Running Size 3000 on 48
Running Size 3000 on 48
Running Size 3000 on 48
Running Size 3000 on 48
Running Size 3000 on 48
Running Size 3000 on 48
Running Size 3000 on 48
Running Size 3000 on 48
Running Size 3000 on 48
Running Size 3000 on 48
Running Size 3000 on 48
Running Size 3000 on 48
Running Size 3000 on 48
Running Size 3000 on 48
Running Size 3000 on 48
Running Size 3000 on 48
Running Size 3000 on 48
Running Size 3000 on 48
Running Size 3000 on 48
Running Size 3000 on 48
Running Size 3000 on 48
Running Size 3000 on 48
Running Size 3000 on 48
Running Size 3000 on 48
Running Size 3000 on 48
Running Size 3000 on 48
Running Size 3000 on 48
Running Size 3000 on 48
Running Size 3000 on 48
Running Size 3000 on 48
Running Size 3000 on 48
Running Size 3000 on 48
Running Size 3000 on 48
Running Size 3000 on 48
Running Size 3000 on 48
Running Size 3000 on 48
Running Size 3000 on 48
Running Size 3000 on 48
Running Size 3000 on 48
Running Size 3000 on 48
Running Size 3000 on 48
Running Size 3000 on 48
64
127
190
253
316
379
442
505
568
631
694
757
820
883
946
1009
1072
1135
1198
1261
1324
1387
1450
1513
1576
1639
1702
1765
1828
1891
1954
2017
2080
2143
2206
2269
2332
2395
2458
2521
2584
2647
2710
2773
2836
2899
2962
That took 2.149553
That took 2.149549
That took 2.149500
That took 2.148478
That took 2.149126
That took 2.149108
That took 2.149371
That took 2.149123
That took 2.149354
That took 2.149117
That took 2.149106
That took 2.149117
That took 2.150841
That took 2.150844
That took 2.153527
That took 2.153456
That took 2.153453
That took 2.153535
That took 2.153508
That took 2.153516
That took 2.152359
That took 2.152933
That took 2.152489
That took 2.152463
That took 2.152470
That took 2.152296
That took 2.153320
That took 2.153297
That took 2.153337
That took 2.153332
That took 2.164565
That took 2.164534
That took 2.163281
That took 2.161423
That took 2.161430
That took 2.168270
That took 2.167236
That took 3.150378
That took 3.149920
That took 3.150190
That took 3.150350
That took 3.150382
That took 3.150382
That took 3.151299
That took 3.153896
That took 3.153930
That took 3.154218
That took 3.155208

########################################################################
----------------------! Balena Job Details !----------------------------

JobID          : 475472
No. of nodes   : 4
No. of CPUs    : 64
Timelimit      : 00:10:00
Elapsed time   : 00:00:06
Nodelist       : node-sw-[161-164]

########################################################################

