Running Size 5000 on 48
Running Size 5000 on 48
Running Size 5000 on 48
Running Size 5000 on 48
Running Size 5000 on 48
Running Size 5000 on 48
Running Size 5000 on 48
Running Size 5000 on 48
Running Size 5000 on 48
Running Size 5000 on 48
Running Size 5000 on 48
Running Size 5000 on 48
Running Size 5000 on 48
Running Size 5000 on 48
Running Size 5000 on 48
Running Size 5000 on 48
Running Size 5000 on 48
Running Size 5000 on 48
Running Size 5000 on 48
Running Size 5000 on 48
Running Size 5000 on 48
Running Size 5000 on 48
Running Size 5000 on 48
Running Size 5000 on 48
Running Size 5000 on 48
Running Size 5000 on 48
Running Size 5000 on 48
Running Size 5000 on 48
Running Size 5000 on 48
Running Size 5000 on 48
Running Size 5000 on 48
Running Size 5000 on 48
Running Size 5000 on 48
Running Size 5000 on 48
Running Size 5000 on 48
Running Size 5000 on 48
Running Size 5000 on 48
Running Size 5000 on 48
Running Size 5000 on 48
Running Size 5000 on 48
Running Size 5000 on 48
Running Size 5000 on 48
Running Size 5000 on 48
Running Size 5000 on 48
Running Size 5000 on 48
Running Size 5000 on 48
Running Size 5000 on 48
Running Size 5000 on 48
106
211
316
421
526
631
736
841
946
1051
1156
1261
1366
1471
1576
1681
1786
1891
1996
2101
2206
2311
2416
2521
2626
2731
2836
2941
3046
3151
3256
3361
3466
3571
3676
3781
3886
3991
4096
4201
4306
4411
4516
4621
4726
4831
4936
That took 3.876912
That took 3.876906
That took 3.876901
That took 3.876899
That took 3.876883
That took 3.876921
That took 3.878588
That took 3.881833
That took 3.881678
That took 3.881699
That took 3.881704
That took 3.881986
That took 3.881977
That took 3.885694
That took 3.885976
That took 3.885955
That took 3.885988
That took 3.885959
That took 3.885161
That took 3.885207
That took 3.885246
That took 3.885552
That took 3.885234
That took 3.887435
That took 3.906932
That took 3.906870
That took 3.907091
That took 3.907755
That took 3.907677
That took 3.909542
That took 3.910379
That took 4.883816
That took 4.882603
That took 4.882713
That took 4.883319
That took 4.883337
That took 4.883276
That took 4.884514
That took 4.886748
That took 4.886739
That took 4.886699
That took 4.887013
That took 4.898037
That took 4.898016
That took 4.898006
That took 4.898045
That took 4.898005
That took 4.898046

########################################################################
----------------------! Balena Job Details !----------------------------

JobID          : 475479
No. of nodes   : 4
No. of CPUs    : 64
Timelimit      : 00:10:00
Elapsed time   : 00:00:07
Nodelist       : node-sw-[098,103,112-113]

########################################################################

