Running Size 6000 on 48
Running Size 6000 on 48
Running Size 6000 on 48
Running Size 6000 on 48
Running Size 6000 on 48
Running Size 6000 on 48
Running Size 6000 on 48
Running Size 6000 on 48
Running Size 6000 on 48
Running Size 6000 on 48
Running Size 6000 on 48
Running Size 6000 on 48
Running Size 6000 on 48
Running Size 6000 on 48
Running Size 6000 on 48
Running Size 6000 on 48
Running Size 6000 on 48
Running Size 6000 on 48
Running Size 6000 on 48
Running Size 6000 on 48
Running Size 6000 on 48
Running Size 6000 on 48
Running Size 6000 on 48
Running Size 6000 on 48
Running Size 6000 on 48
Running Size 6000 on 48
Running Size 6000 on 48
Running Size 6000 on 48
Running Size 6000 on 48
Running Size 6000 on 48
Running Size 6000 on 48
Running Size 6000 on 48
Running Size 6000 on 48
Running Size 6000 on 48
Running Size 6000 on 48
Running Size 6000 on 48
Running Size 6000 on 48
Running Size 6000 on 48
Running Size 6000 on 48
Running Size 6000 on 48
Running Size 6000 on 48
Running Size 6000 on 48
Running Size 6000 on 48
Running Size 6000 on 48
Running Size 6000 on 48
Running Size 6000 on 48
Running Size 6000 on 48
Running Size 6000 on 48
126
251
376
501
626
751
876
1001
1126
1251
1376
1501
1626
1751
1876
2001
2126
2251
2376
2501
2626
2751
2876
3001
3126
3251
3376
3501
3626
3751
3876
4001
4126
4251
4376
4501
4626
4751
4876
5001
5126
5251
5376
5501
5626
5751
5876
That took 5.065831
That took 5.068012
That took 5.067327
That took 5.068033
That took 5.068069
That took 5.069750
That took 5.069719
That took 5.069649
That took 5.069758
That took 5.068834
That took 5.071879
That took 5.072082
That took 5.072029
That took 5.071929
That took 5.071894
That took 5.072062
That took 5.072081
That took 5.072059
That took 5.071958
That took 5.072008
That took 5.071270
That took 5.071303
That took 5.071281
That took 5.071295
That took 5.071285
That took 5.071286
That took 5.080951
That took 5.081078
That took 5.104015
That took 5.104690
That took 5.104855
That took 5.109537
That took 5.109212
That took 5.109238
That took 6.069868
That took 6.068988
That took 6.069212
That took 6.069717
That took 6.069723
That took 6.069746
That took 6.069722
That took 6.070114
That took 6.072876
That took 6.073015
That took 6.073875
That took 6.073044
That took 6.073068
That took 6.073237

########################################################################
----------------------! Balena Job Details !----------------------------

JobID          : 475480
No. of nodes   : 4
No. of CPUs    : 64
Timelimit      : 00:10:00
Elapsed time   : 00:00:08
Nodelist       : node-sw-[161-164]

########################################################################

