Running Size 7000 on 48
Running Size 7000 on 48
Running Size 7000 on 48
Running Size 7000 on 48
Running Size 7000 on 48
Running Size 7000 on 48
Running Size 7000 on 48
Running Size 7000 on 48
Running Size 7000 on 48
Running Size 7000 on 48
Running Size 7000 on 48
Running Size 7000 on 48
Running Size 7000 on 48
Running Size 7000 on 48
Running Size 7000 on 48
Running Size 7000 on 48
Running Size 7000 on 48
Running Size 7000 on 48
Running Size 7000 on 48
Running Size 7000 on 48
Running Size 7000 on 48
Running Size 7000 on 48
Running Size 7000 on 48
Running Size 7000 on 48
Running Size 7000 on 48
Running Size 7000 on 48
Running Size 7000 on 48
Running Size 7000 on 48
Running Size 7000 on 48
Running Size 7000 on 48
Running Size 7000 on 48
Running Size 7000 on 48
Running Size 7000 on 48
Running Size 7000 on 48
Running Size 7000 on 48
Running Size 7000 on 48
Running Size 7000 on 48
Running Size 7000 on 48
Running Size 7000 on 48
Running Size 7000 on 48
Running Size 7000 on 48
Running Size 7000 on 48
Running Size 7000 on 48
Running Size 7000 on 48
Running Size 7000 on 48
Running Size 7000 on 48
Running Size 7000 on 48
Running Size 7000 on 48
147
293
439
585
731
877
1023
1169
1315
1461
1607
1753
1899
2045
2191
2337
2483
2629
2775
2921
3067
3213
3359
3505
3651
3797
3943
4089
4235
4381
4527
4673
4819
4965
5111
5257
5403
5549
5695
5841
5987
6133
6279
6425
6571
6717
6863
That took 6.517071
That took 6.517081
That took 6.517093
That took 6.519217
That took 6.519204
That took 6.519225
That took 6.519204
That took 6.518414
That took 6.517582
That took 6.517609
That took 6.519465
That took 6.520413
That took 6.520948
That took 6.520940
That took 6.523065
That took 6.523171
That took 6.523028
That took 6.523141
That took 6.523205
That took 6.523220
That took 6.528020
That took 6.528007
That took 6.564267
That took 6.565037
That took 6.568638
That took 6.602162
That took 6.602211
That took 7.518496
That took 7.518519
That took 7.519066
That took 7.519067
That took 7.519046
That took 7.519996
That took 7.519093
That took 7.519981
That took 7.519034
That took 7.520039
That took 7.519072
That took 7.519095
That took 7.519040
That took 7.519059
That took 7.520520
That took 7.521906
That took 7.522573
That took 7.522582
That took 7.522554
That took 7.523439
That took 7.523904

########################################################################
----------------------! Balena Job Details !----------------------------

JobID          : 475481
No. of nodes   : 4
No. of CPUs    : 64
Timelimit      : 00:10:00
Elapsed time   : 00:00:13
Nodelist       : node-sw-[098,103,112-113]

########################################################################

