Running Size 8000 on 48
Running Size 8000 on 48
Running Size 8000 on 48
Running Size 8000 on 48
Running Size 8000 on 48
Running Size 8000 on 48
Running Size 8000 on 48
Running Size 8000 on 48
Running Size 8000 on 48
Running Size 8000 on 48
Running Size 8000 on 48
Running Size 8000 on 48
Running Size 8000 on 48
Running Size 8000 on 48
Running Size 8000 on 48
Running Size 8000 on 48
Running Size 8000 on 48
Running Size 8000 on 48
Running Size 8000 on 48
Running Size 8000 on 48
Running Size 8000 on 48
Running Size 8000 on 48
Running Size 8000 on 48
Running Size 8000 on 48
Running Size 8000 on 48
Running Size 8000 on 48
Running Size 8000 on 48
Running Size 8000 on 48
Running Size 8000 on 48
Running Size 8000 on 48
Running Size 8000 on 48
Running Size 8000 on 48
Running Size 8000 on 48
Running Size 8000 on 48
Running Size 8000 on 48
Running Size 8000 on 48
Running Size 8000 on 48
Running Size 8000 on 48
Running Size 8000 on 48
Running Size 8000 on 48
Running Size 8000 on 48
Running Size 8000 on 48
Running Size 8000 on 48
Running Size 8000 on 48
Running Size 8000 on 48
Running Size 8000 on 48
Running Size 8000 on 48
Running Size 8000 on 48
168
335
502
669
836
1003
1170
1337
1504
1671
1838
2005
2172
2339
2506
2673
2840
3007
3174
3341
3508
3675
3842
4009
4176
4343
4510
4677
4844
5011
5178
5345
5512
5679
5846
6013
6180
6347
6514
6681
6848
7015
7182
7349
7516
7683
7850
That took 8.174589
That took 8.174730
That took 8.178684
That took 8.178703
That took 8.178719
That took 8.178714
That took 8.178722
That took 8.178724
That took 8.178668
That took 8.178487
That took 8.178561
That took 8.178537
That took 8.178560
That took 8.178450
That took 8.178558
That took 8.178536
That took 8.180914
That took 8.182292
That took 8.219647
That took 8.244794
That took 8.244796
That took 8.250569
That took 9.175781
That took 9.176441
That took 9.176475
That took 9.176436
That took 9.176446
That took 9.176445
That took 9.176787
That took 9.176629
That took 9.176684
That took 9.176806
That took 9.176607
That took 9.176622
That took 9.176821
That took 9.176792
That took 9.177898
That took 9.180501
That took 9.180117
That took 9.179947
That took 9.180123
That took 9.180093
That took 9.180158
That took 9.180099
That took 9.179939
That took 9.180153
That took 9.179987
That took 9.180128

########################################################################
----------------------! Balena Job Details !----------------------------

JobID          : 475495
No. of nodes   : 4
No. of CPUs    : 64
Timelimit      : 00:10:00
Elapsed time   : 00:00:15
Nodelist       : node-sw-[161-164]

########################################################################

