Running Size 9000 on 48
Running Size 9000 on 48
Running Size 9000 on 48
Running Size 9000 on 48
Running Size 9000 on 48
Running Size 9000 on 48
Running Size 9000 on 48
Running Size 9000 on 48
Running Size 9000 on 48
Running Size 9000 on 48
Running Size 9000 on 48
Running Size 9000 on 48
Running Size 9000 on 48
Running Size 9000 on 48
Running Size 9000 on 48
Running Size 9000 on 48
Running Size 9000 on 48
Running Size 9000 on 48
Running Size 9000 on 48
Running Size 9000 on 48
Running Size 9000 on 48
Running Size 9000 on 48
Running Size 9000 on 48
Running Size 9000 on 48
Running Size 9000 on 48
Running Size 9000 on 48
Running Size 9000 on 48
Running Size 9000 on 48
Running Size 9000 on 48
Running Size 9000 on 48
Running Size 9000 on 48
Running Size 9000 on 48
Running Size 9000 on 48
Running Size 9000 on 48
Running Size 9000 on 48
Running Size 9000 on 48
Running Size 9000 on 48
Running Size 9000 on 48
Running Size 9000 on 48
Running Size 9000 on 48
Running Size 9000 on 48
Running Size 9000 on 48
Running Size 9000 on 48
Running Size 9000 on 48
Running Size 9000 on 48
Running Size 9000 on 48
Running Size 9000 on 48
Running Size 9000 on 48
189
377
565
753
941
1129
1317
1505
1693
1881
2069
2257
2445
2633
2821
3009
3197
3385
3573
3761
3949
4137
4325
4513
4701
4889
5077
5265
5453
5641
5829
6017
6205
6393
6581
6769
6957
7145
7333
7521
7709
7897
8085
8273
8461
8649
8837
That took 10.070915
That took 10.070873
That took 10.070907
That took 10.074895
That took 10.074695
That took 10.074889
That took 10.074764
That took 10.074893
That took 10.077088
That took 10.077139
That took 10.075778
That took 10.075800
That took 10.077871
That took 10.077939
That took 10.076872
That took 10.076816
That took 10.076881
That took 10.076822
That took 10.077562
That took 10.077552
That took 10.081924
That took 10.081914
That took 10.081946
That took 10.082018
That took 10.147943
That took 10.177652
That took 10.176804
That took 10.177572
That took 10.180582
That took 10.180620
That took 10.188619
That took 10.199952
That took 10.202070
That took 10.202064
That took 10.206120
That took 11.077932
That took 11.077896
That took 11.077902
That took 11.077906
That took 11.077825
That took 11.077838
That took 11.077820
That took 11.077855
That took 11.078787
That took 11.078823
That took 11.079656
That took 11.081953
That took 11.081793

########################################################################
----------------------! Balena Job Details !----------------------------

JobID          : 475496
No. of nodes   : 4
No. of CPUs    : 64
Timelimit      : 00:10:00
Elapsed time   : 00:00:13
Nodelist       : node-sw-[098,103,112-113]

########################################################################

