Running Size 10000 on 64
Running Size 10000 on 64
Running Size 10000 on 64
Running Size 10000 on 64
Running Size 10000 on 64
Running Size 10000 on 64
Running Size 10000 on 64
Running Size 10000 on 64
Running Size 10000 on 64
Running Size 10000 on 64
Running Size 10000 on 64
Running Size 10000 on 64
Running Size 10000 on 64
Running Size 10000 on 64
Running Size 10000 on 64
Running Size 10000 on 64
Running Size 10000 on 64
Running Size 10000 on 64
Running Size 10000 on 64
Running Size 10000 on 64
Running Size 10000 on 64
Running Size 10000 on 64
Running Size 10000 on 64
Running Size 10000 on 64
Running Size 10000 on 64
Running Size 10000 on 64
Running Size 10000 on 64
Running Size 10000 on 64
Running Size 10000 on 64
Running Size 10000 on 64
Running Size 10000 on 64
Running Size 10000 on 64
Running Size 10000 on 64
Running Size 10000 on 64
Running Size 10000 on 64
Running Size 10000 on 64
Running Size 10000 on 64
Running Size 10000 on 64
Running Size 10000 on 64
Running Size 10000 on 64
Running Size 10000 on 64
Running Size 10000 on 64
Running Size 10000 on 64
Running Size 10000 on 64
Running Size 10000 on 64
Running Size 10000 on 64
Running Size 10000 on 64
Running Size 10000 on 64
Running Size 10000 on 64
Running Size 10000 on 64
Running Size 10000 on 64
Running Size 10000 on 64
Running Size 10000 on 64
Running Size 10000 on 64
Running Size 10000 on 64
Running Size 10000 on 64
Running Size 10000 on 64
Running Size 10000 on 64
Running Size 10000 on 64
Running Size 10000 on 64
Running Size 10000 on 64
Running Size 10000 on 64
Running Size 10000 on 64
Running Size 10000 on 64
158
315
472
629
786
943
1100
1257
1414
1571
1728
1885
2042
2199
2356
2513
2670
2827
2984
3141
3298
3455
3612
3769
3926
4083
4240
4397
4554
4711
4868
5025
5182
5339
5496
5653
5810
5967
6124
6281
6438
6595
6752
6909
7066
7223
7380
7537
7694
7851
8008
8165
8322
8479
8636
8793
8950
9107
9264
9421
9578
9735
9892
That took 9.896145
That took 9.897470
That took 9.898607
That took 9.898617
That took 9.898589
That took 9.898600
That took 9.898632
That took 9.900218
That took 9.900355
That took 9.900521
That took 9.900488
That took 9.901218
That took 9.904705
That took 9.904711
That took 9.904806
That took 9.905484
That took 9.904712
That took 9.904796
That took 9.904101
That took 9.906515
That took 9.906339
That took 9.908545
That took 9.907192
That took 9.907188
That took 9.907171
That took 9.911287
That took 9.911092
That took 9.911140
That took 9.911240
That took 10.003364
That took 10.003346
That took 10.016682
That took 10.048694
That took 10.086397
That took 10.081706
That took 10.104757
That took 10.104880
That took 10.151731
That took 10.151765
That took 10.911420
That took 10.911388
That took 10.911355
That took 10.911353
That took 10.911355
That took 10.911421
That took 10.911425
That took 10.911341
That took 10.912098
That took 10.912147
That took 10.912178
That took 10.914170
That took 10.913289
That took 10.913663
That took 10.915339
That took 10.915355
That took 10.915375
That took 10.917502
That took 10.920151
That took 10.920227
That took 10.921448
That took 10.926583
That took 10.926621
That took 11.000762
That took 11.000746

########################################################################
----------------------! Balena Job Details !----------------------------

JobID          : 466966
No. of nodes   : 4
No. of CPUs    : 64
Timelimit      : 00:10:00
Elapsed time   : 00:00:13
Nodelist       : node-sw-[161-164]

########################################################################

