Running Size 2000 on 64
Running Size 2000 on 64
Running Size 2000 on 64
Running Size 2000 on 64
Running Size 2000 on 64
Running Size 2000 on 64
Running Size 2000 on 64
Running Size 2000 on 64
Running Size 2000 on 64
Running Size 2000 on 64
Running Size 2000 on 64
Running Size 2000 on 64
Running Size 2000 on 64
Running Size 2000 on 64
Running Size 2000 on 64
Running Size 2000 on 64
Running Size 2000 on 64
Running Size 2000 on 64
Running Size 2000 on 64
Running Size 2000 on 64
Running Size 2000 on 64
Running Size 2000 on 64
Running Size 2000 on 64
Running Size 2000 on 64
Running Size 2000 on 64
Running Size 2000 on 64
Running Size 2000 on 64
Running Size 2000 on 64
Running Size 2000 on 64
Running Size 2000 on 64
Running Size 2000 on 64
Running Size 2000 on 64
Running Size 2000 on 64
Running Size 2000 on 64
Running Size 2000 on 64
Running Size 2000 on 64
Running Size 2000 on 64
Running Size 2000 on 64
Running Size 2000 on 64
Running Size 2000 on 64
Running Size 2000 on 64
Running Size 2000 on 64
Running Size 2000 on 64
Running Size 2000 on 64
Running Size 2000 on 64
Running Size 2000 on 64
Running Size 2000 on 64
Running Size 2000 on 64
Running Size 2000 on 64
Running Size 2000 on 64
Running Size 2000 on 64
Running Size 2000 on 64
Running Size 2000 on 64
Running Size 2000 on 64
Running Size 2000 on 64
Running Size 2000 on 64
Running Size 2000 on 64
Running Size 2000 on 64
Running Size 2000 on 64
Running Size 2000 on 64
Running Size 2000 on 64
Running Size 2000 on 64
Running Size 2000 on 64
Running Size 2000 on 64
33
65
97
129
161
193
225
257
289
321
353
385
417
449
481
513
545
577
609
641
673
705
737
769
801
833
865
897
929
961
993
1025
1057
1089
1121
1153
1185
1217
1249
1281
1313
1345
1377
1409
1441
1473
1505
1537
1569
1601
1633
1665
1697
1729
1761
1793
1825
1857
1889
1921
1953
1985
1999
That took 1.460131
That took 1.460111
That took 1.461068
That took 1.461051
That took 1.461021
That took 1.461020
That took 1.461078
That took 1.461064
That took 1.461010
That took 1.461087
That took 1.461075
That took 1.459527
That took 1.459529
That took 1.459442
That took 1.460525
That took 1.460456
That took 1.460525
That took 1.460441
That took 1.460586
That took 1.463220
That took 1.462125
That took 1.462350
That took 1.462523
That took 1.465482
That took 1.463745
That took 1.463684
That took 1.463701
That took 1.463731
That took 1.463603
That took 1.463679
That took 1.463671
That took 1.463693
That took 1.464884
That took 1.469834
That took 1.469771
That took 1.469752
That took 1.469790
That took 1.469861
That took 1.469685
That took 1.469863
That took 1.469849
That took 1.471284
That took 1.471539
That took 1.470946
That took 1.470930
That took 1.473568
That took 1.474269
That took 1.477114
That took 1.477102
That took 1.481559
That took 2.481020
That took 2.481483
That took 2.481539
That took 2.480584
That took 2.480595
That took 2.484239
That took 2.484735
That took 2.484735
That took 2.484696
That took 2.484651
That took 2.488397
That took 2.488459
That took 2.488448
That took 2.488383

########################################################################
----------------------! Balena Job Details !----------------------------

JobID          : 467011
No. of nodes   : 4
No. of CPUs    : 64
Timelimit      : 00:10:00
Elapsed time   : 00:00:05
Nodelist       : node-sw-[161-164]

########################################################################

