Running Size 5000 on 64
Running Size 5000 on 64
Running Size 5000 on 64
Running Size 5000 on 64
Running Size 5000 on 64
Running Size 5000 on 64
Running Size 5000 on 64
Running Size 5000 on 64
Running Size 5000 on 64
Running Size 5000 on 64
Running Size 5000 on 64
Running Size 5000 on 64
Running Size 5000 on 64
Running Size 5000 on 64
Running Size 5000 on 64
Running Size 5000 on 64
Running Size 5000 on 64
Running Size 5000 on 64
Running Size 5000 on 64
Running Size 5000 on 64
Running Size 5000 on 64
Running Size 5000 on 64
Running Size 5000 on 64
Running Size 5000 on 64
Running Size 5000 on 64
Running Size 5000 on 64
Running Size 5000 on 64
Running Size 5000 on 64
Running Size 5000 on 64
Running Size 5000 on 64
Running Size 5000 on 64
Running Size 5000 on 64
Running Size 5000 on 64
Running Size 5000 on 64
Running Size 5000 on 64
Running Size 5000 on 64
Running Size 5000 on 64
Running Size 5000 on 64
Running Size 5000 on 64
Running Size 5000 on 64
Running Size 5000 on 64
Running Size 5000 on 64
Running Size 5000 on 64
Running Size 5000 on 64
Running Size 5000 on 64
Running Size 5000 on 64
Running Size 5000 on 64
Running Size 5000 on 64
Running Size 5000 on 64
Running Size 5000 on 64
Running Size 5000 on 64
Running Size 5000 on 64
Running Size 5000 on 64
Running Size 5000 on 64
Running Size 5000 on 64
Running Size 5000 on 64
Running Size 5000 on 64
Running Size 5000 on 64
Running Size 5000 on 64
Running Size 5000 on 64
Running Size 5000 on 64
Running Size 5000 on 64
Running Size 5000 on 64
Running Size 5000 on 64
80
159
238
317
396
475
554
633
712
791
870
949
1028
1107
1186
1265
1344
1423
1502
1581
1660
1739
1818
1897
1976
2055
2134
2213
2292
2371
2450
2529
2608
2687
2766
2845
2924
3003
3082
3161
3240
3319
3398
3477
3556
3635
3714
3793
3872
3951
4030
4109
4188
4267
4346
4425
4504
4583
4662
4741
4820
4899
4978
That took 3.377294
That took 3.378040
That took 3.373821
That took 3.379181
That took 3.377700
That took 3.377736
That took 3.377726
That took 3.377731
That took 3.380009
That took 3.379036
That took 3.381116
That took 3.379471
That took 3.379522
That took 3.382141
That took 3.382083
That took 3.381568
That took 3.381638
That took 3.381632
That took 3.390929
That took 3.386948
That took 3.386972
That took 3.388020
That took 3.390933
That took 3.390984
That took 3.386903
That took 3.386906
That took 3.391151
That took 3.392016
That took 3.386885
That took 3.386956
That took 3.390940
That took 3.401936
That took 3.416470
That took 3.416467
That took 3.417124
That took 3.417186
That took 3.420147
That took 3.420121
That took 3.413780
That took 3.437632
That took 3.446281
That took 3.452792
That took 4.388021
That took 4.392365
That took 4.392386
That took 4.392465
That took 4.392429
That took 4.392313
That took 4.392467
That took 4.392303
That took 4.392318
That took 4.392413
That took 4.392412
That took 4.392370
That took 4.399032
That took 4.398733
That took 4.401461
That took 4.401555
That took 4.401562
That took 4.401607
That took 4.401564
That took 4.403600
That took 4.434326
That took 4.434305

########################################################################
----------------------! Balena Job Details !----------------------------

JobID          : 466965
No. of nodes   : 4
No. of CPUs    : 64
Timelimit      : 00:10:00
Elapsed time   : 00:00:07
Nodelist       : node-sw-[161-164]

########################################################################

