Running Size 6000 on 64
Running Size 6000 on 64
Running Size 6000 on 64
Running Size 6000 on 64
Running Size 6000 on 64
Running Size 6000 on 64
Running Size 6000 on 64
Running Size 6000 on 64
Running Size 6000 on 64
Running Size 6000 on 64
Running Size 6000 on 64
Running Size 6000 on 64
Running Size 6000 on 64
Running Size 6000 on 64
Running Size 6000 on 64
Running Size 6000 on 64
Running Size 6000 on 64
Running Size 6000 on 64
Running Size 6000 on 64
Running Size 6000 on 64
Running Size 6000 on 64
Running Size 6000 on 64
Running Size 6000 on 64
Running Size 6000 on 64
Running Size 6000 on 64
Running Size 6000 on 64
Running Size 6000 on 64
Running Size 6000 on 64
Running Size 6000 on 64
Running Size 6000 on 64
Running Size 6000 on 64
Running Size 6000 on 64
Running Size 6000 on 64
Running Size 6000 on 64
Running Size 6000 on 64
Running Size 6000 on 64
Running Size 6000 on 64
Running Size 6000 on 64
Running Size 6000 on 64
Running Size 6000 on 64
Running Size 6000 on 64
Running Size 6000 on 64
Running Size 6000 on 64
Running Size 6000 on 64
Running Size 6000 on 64
Running Size 6000 on 64
Running Size 6000 on 64
Running Size 6000 on 64
Running Size 6000 on 64
Running Size 6000 on 64
Running Size 6000 on 64
Running Size 6000 on 64
Running Size 6000 on 64
Running Size 6000 on 64
Running Size 6000 on 64
Running Size 6000 on 64
Running Size 6000 on 64
Running Size 6000 on 64
Running Size 6000 on 64
Running Size 6000 on 64
Running Size 6000 on 64
Running Size 6000 on 64
Running Size 6000 on 64
Running Size 6000 on 64
95
189
283
377
471
565
659
753
847
941
1035
1129
1223
1317
1411
1505
1599
1693
1787
1881
1975
2069
2163
2257
2351
2445
2539
2633
2727
2821
2915
3009
3103
3197
3291
3385
3479
3573
3667
3761
3855
3949
4043
4137
4231
4325
4419
4513
4607
4701
4795
4889
4983
5077
5171
5265
5359
5453
5547
5641
5735
5829
5923
That took 4.265880
That took 4.267668
That took 4.265938
That took 4.266490
That took 4.267424
That took 4.267408
That took 4.267537
That took 4.267559
That took 4.268749
That took 4.268839
That took 4.268818
That took 4.268834
That took 4.267567
That took 4.267541
That took 4.267581
That took 4.267521
That took 4.267551
That took 4.267656
That took 4.267679
That took 4.269755
That took 4.270785
That took 4.270726
That took 4.270712
That took 4.263444
That took 4.268977
That took 4.268950
That took 4.268981
That took 4.268683
That took 4.269043
That took 4.269495
That took 4.268970
That took 4.268935
That took 4.268966
That took 4.270543
That took 4.270564
That took 4.270563
That took 4.270630
That took 4.271120
That took 4.270471
That took 4.270546
That took 4.272242
That took 4.272380
That took 4.272655
That took 4.272359
That took 4.274186
That took 4.313958
That took 4.316623
That took 4.339883
That took 4.339870
That took 4.341781
That took 4.344775
That took 4.342573
That took 4.395529
That took 5.287204
That took 5.287485
That took 5.287879
That took 5.287847
That took 5.287896
That took 5.289840
That took 5.291212
That took 5.291208
That took 5.291767
That took 5.292305
That took 5.292345

########################################################################
----------------------! Balena Job Details !----------------------------

JobID          : 467014
No. of nodes   : 4
No. of CPUs    : 64
Timelimit      : 00:10:00
Elapsed time   : 00:00:08
Nodelist       : node-sw-[161-164]

########################################################################

