Running Size 7000 on 64
Running Size 7000 on 64
Running Size 7000 on 64
Running Size 7000 on 64
Running Size 7000 on 64
Running Size 7000 on 64
Running Size 7000 on 64
Running Size 7000 on 64
Running Size 7000 on 64
Running Size 7000 on 64
Running Size 7000 on 64
Running Size 7000 on 64
Running Size 7000 on 64
Running Size 7000 on 64
Running Size 7000 on 64
Running Size 7000 on 64
Running Size 7000 on 64
Running Size 7000 on 64
Running Size 7000 on 64
Running Size 7000 on 64
Running Size 7000 on 64
Running Size 7000 on 64
Running Size 7000 on 64
Running Size 7000 on 64
Running Size 7000 on 64
Running Size 7000 on 64
Running Size 7000 on 64
Running Size 7000 on 64
Running Size 7000 on 64
Running Size 7000 on 64
Running Size 7000 on 64
Running Size 7000 on 64
Running Size 7000 on 64
Running Size 7000 on 64
Running Size 7000 on 64
Running Size 7000 on 64
Running Size 7000 on 64
Running Size 7000 on 64
Running Size 7000 on 64
Running Size 7000 on 64
Running Size 7000 on 64
Running Size 7000 on 64
Running Size 7000 on 64
Running Size 7000 on 64
Running Size 7000 on 64
Running Size 7000 on 64
Running Size 7000 on 64
Running Size 7000 on 64
Running Size 7000 on 64
Running Size 7000 on 64
Running Size 7000 on 64
Running Size 7000 on 64
Running Size 7000 on 64
Running Size 7000 on 64
Running Size 7000 on 64
Running Size 7000 on 64
Running Size 7000 on 64
Running Size 7000 on 64
Running Size 7000 on 64
Running Size 7000 on 64
Running Size 7000 on 64
Running Size 7000 on 64
Running Size 7000 on 64
Running Size 7000 on 64
111
221
331
441
551
661
771
881
991
1101
1211
1321
1431
1541
1651
1761
1871
1981
2091
2201
2311
2421
2531
2641
2751
2861
2971
3081
3191
3301
3411
3521
3631
3741
3851
3961
4071
4181
4291
4401
4511
4621
4731
4841
4951
5061
5171
5281
5391
5501
5611
5721
5831
5941
6051
6161
6271
6381
6491
6601
6711
6821
6931
That took 5.446155
That took 5.447059
That took 5.447031
That took 5.447071
That took 5.446624
That took 5.447022
That took 5.445322
That took 5.445389
That took 5.445365
That took 5.446125
That took 5.446166
That took 5.446100
That took 5.447990
That took 5.447116
That took 5.449099
That took 5.449068
That took 5.449052
That took 5.449143
That took 5.449111
That took 5.448142
That took 5.448259
That took 5.448099
That took 5.448190
That took 5.452897
That took 5.452892
That took 5.452898
That took 5.452846
That took 5.452890
That took 5.452855
That took 5.459865
That took 5.459858
That took 5.459847
That took 5.459882
That took 5.461175
That took 5.454999
That took 5.459487
That took 5.463653
That took 5.454673
That took 5.463761
That took 5.454702
That took 5.463728
That took 5.454680
That took 5.454757
That took 5.454768
That took 5.508262
That took 5.531131
That took 5.542797
That took 5.542833
That took 5.545732
That took 5.553404
That took 5.553395
That took 5.589797
That took 5.590803
That took 5.625651
That took 5.690119
That took 6.466137
That took 6.467991
That took 6.466738
That took 6.466774
That took 6.469015
That took 6.470222
That took 6.470712
That took 6.471627
That took 6.475579

########################################################################
----------------------! Balena Job Details !----------------------------

JobID          : 467016
No. of nodes   : 4
No. of CPUs    : 64
Timelimit      : 00:10:00
Elapsed time   : 00:00:08
Nodelist       : node-sw-[161-164]

########################################################################

