Running Size 8000 on 64
Running Size 8000 on 64
Running Size 8000 on 64
Running Size 8000 on 64
Running Size 8000 on 64
Running Size 8000 on 64
Running Size 8000 on 64
Running Size 8000 on 64
Running Size 8000 on 64
Running Size 8000 on 64
Running Size 8000 on 64
Running Size 8000 on 64
Running Size 8000 on 64
Running Size 8000 on 64
Running Size 8000 on 64
Running Size 8000 on 64
Running Size 8000 on 64
Running Size 8000 on 64
Running Size 8000 on 64
Running Size 8000 on 64
Running Size 8000 on 64
Running Size 8000 on 64
Running Size 8000 on 64
Running Size 8000 on 64
Running Size 8000 on 64
Running Size 8000 on 64
Running Size 8000 on 64
Running Size 8000 on 64
Running Size 8000 on 64
Running Size 8000 on 64
Running Size 8000 on 64
Running Size 8000 on 64
Running Size 8000 on 64
Running Size 8000 on 64
Running Size 8000 on 64
Running Size 8000 on 64
Running Size 8000 on 64
Running Size 8000 on 64
Running Size 8000 on 64
Running Size 8000 on 64
Running Size 8000 on 64
Running Size 8000 on 64
Running Size 8000 on 64
Running Size 8000 on 64
Running Size 8000 on 64
Running Size 8000 on 64
Running Size 8000 on 64
Running Size 8000 on 64
Running Size 8000 on 64
Running Size 8000 on 64
Running Size 8000 on 64
Running Size 8000 on 64
Running Size 8000 on 64
Running Size 8000 on 64
Running Size 8000 on 64
Running Size 8000 on 64
Running Size 8000 on 64
Running Size 8000 on 64
Running Size 8000 on 64
Running Size 8000 on 64
Running Size 8000 on 64
Running Size 8000 on 64
Running Size 8000 on 64
Running Size 8000 on 64
126
251
376
501
626
751
876
1001
1126
1251
1376
1501
1626
1751
1876
2001
2126
2251
2376
2501
2626
2751
2876
3001
3126
3251
3376
3501
3626
3751
3876
4001
4126
4251
4376
4501
4626
4751
4876
5001
5126
5251
5376
5501
5626
5751
5876
6001
6126
6251
6376
6501
6626
6751
6876
7001
7126
7251
7376
7501
7626
7751
7876
That took 6.685961
That took 6.686036
That took 6.687821
That took 6.687847
That took 6.686856
That took 6.686855
That took 6.688824
That took 6.688870
That took 6.732656
That took 6.732581
That took 6.732584
That took 6.733481
That took 6.733446
That took 6.733516
That took 6.730451
That took 6.730502
That took 6.729040
That took 6.735264
That took 6.730718
That took 6.748456
That took 6.744851
That took 6.746049
That took 6.744969
That took 6.744886
That took 6.745979
That took 6.744878
That took 6.745966
That took 6.744914
That took 6.758075
That took 6.765965
That took 6.765905
That took 6.774065
That took 6.811266
That took 6.811995
That took 6.811952
That took 6.828081
That took 6.844936
That took 6.874049
That took 6.914079
That took 6.963581
That took 7.015504
That took 7.015531
That took 7.016346
That took 7.016382
That took 7.097567
That took 7.218546
That took 7.219431
That took 7.293539
That took 7.707045
That took 7.707000
That took 7.707000
That took 7.707038
That took 7.709846
That took 7.710622
That took 7.710557
That took 7.710569
That took 7.710636
That took 7.710522
That took 7.710634
That took 7.710636
That took 7.711972
That took 7.710881
That took 7.714394
That took 7.715498

########################################################################
----------------------! Balena Job Details !----------------------------

JobID          : 467017
No. of nodes   : 4
No. of CPUs    : 64
Timelimit      : 00:10:00
Elapsed time   : 00:00:10
Nodelist       : node-sw-[161-164]

########################################################################

