Running Size 9000 on 64
Running Size 9000 on 64
Running Size 9000 on 64
Running Size 9000 on 64
Running Size 9000 on 64
Running Size 9000 on 64
Running Size 9000 on 64
Running Size 9000 on 64
Running Size 9000 on 64
Running Size 9000 on 64
Running Size 9000 on 64
Running Size 9000 on 64
Running Size 9000 on 64
Running Size 9000 on 64
Running Size 9000 on 64
Running Size 9000 on 64
Running Size 9000 on 64
Running Size 9000 on 64
Running Size 9000 on 64
Running Size 9000 on 64
Running Size 9000 on 64
Running Size 9000 on 64
Running Size 9000 on 64
Running Size 9000 on 64
Running Size 9000 on 64
Running Size 9000 on 64
Running Size 9000 on 64
Running Size 9000 on 64
Running Size 9000 on 64
Running Size 9000 on 64
Running Size 9000 on 64
Running Size 9000 on 64
Running Size 9000 on 64
Running Size 9000 on 64
Running Size 9000 on 64
Running Size 9000 on 64
Running Size 9000 on 64
Running Size 9000 on 64
Running Size 9000 on 64
Running Size 9000 on 64
Running Size 9000 on 64
Running Size 9000 on 64
Running Size 9000 on 64
Running Size 9000 on 64
Running Size 9000 on 64
Running Size 9000 on 64
Running Size 9000 on 64
Running Size 9000 on 64
Running Size 9000 on 64
Running Size 9000 on 64
Running Size 9000 on 64
Running Size 9000 on 64
Running Size 9000 on 64
Running Size 9000 on 64
Running Size 9000 on 64
Running Size 9000 on 64
Running Size 9000 on 64
Running Size 9000 on 64
Running Size 9000 on 64
Running Size 9000 on 64
Running Size 9000 on 64
Running Size 9000 on 64
Running Size 9000 on 64
Running Size 9000 on 64
142
283
424
565
706
847
988
1129
1270
1411
1552
1693
1834
1975
2116
2257
2398
2539
2680
2821
2962
3103
3244
3385
3526
3667
3808
3949
4090
4231
4372
4513
4654
4795
4936
5077
5218
5359
5500
5641
5782
5923
6064
6205
6346
6487
6628
6769
6910
7051
7192
7333
7474
7615
7756
7897
8038
8179
8320
8461
8602
8743
8884
That took 8.277556
That took 8.280215
That took 8.281047
That took 8.279135
That took 8.281061
That took 8.281094
That took 8.281044
That took 8.279171
That took 8.280014
That took 8.280975
That took 8.280506
That took 8.280555
That took 8.280423
That took 8.280534
That took 8.281381
That took 8.281380
That took 8.283019
That took 8.283112
That took 8.283081
That took 8.283940
That took 8.283946
That took 8.281989
That took 8.281988
That took 8.281985
That took 8.282004
That took 8.283854
That took 8.284597
That took 8.284590
That took 8.285682
That took 8.285681
That took 8.287765
That took 8.294130
That took 8.388890
That took 8.404288
That took 8.404134
That took 8.411992
That took 8.425648
That took 8.452159
That took 8.487249
That took 8.492090
That took 8.480222
That took 8.480268
That took 8.480227
That took 8.559559
That took 9.299961
That took 9.301556
That took 9.301428
That took 9.301575
That took 9.301537
That took 9.301607
That took 9.301816
That took 9.302441
That took 9.301909
That took 9.302402
That took 9.302715
That took 9.302780
That took 9.301883
That took 9.301804
That took 9.301845
That took 9.302727
That took 9.301711
That took 9.301931
That took 9.304010
That took 9.307036

########################################################################
----------------------! Balena Job Details !----------------------------

JobID          : 467019
No. of nodes   : 4
No. of CPUs    : 64
Timelimit      : 00:10:00
Elapsed time   : 00:00:12
Nodelist       : node-sw-[161-164]

########################################################################

